2019-07-10 12:22:21 [scrapy.utils.log] INFO: Scrapy 1.6.0 started (bot: crawler)
2019-07-10 12:22:21 [scrapy.utils.log] INFO: Versions: lxml 4.3.4.0, libxml2 2.9.9, cssselect 1.0.3, parsel 1.5.1, w3lib 1.20.0, Twisted 19.2.1, Python 3.6.8 (default, Feb  5 2019, 13:21:05) - [GCC 5.5.0 20171010], pyOpenSSL 19.0.0 (OpenSSL 1.1.1c  28 May 2019), cryptography 2.7, Platform Linux-4.15.0-54-generic-x86_64-with-debian-stretch-sid
2019-07-10 12:22:21 [scrapy.crawler] INFO: Overridden settings: {'AUTOTHROTTLE_ENABLED': True, 'AUTOTHROTTLE_MAX_DELAY': 1, 'AUTOTHROTTLE_START_DELAY': 1, 'BOT_NAME': 'crawler', 'CONCURRENT_REQUESTS': 2, 'CONCURRENT_REQUESTS_PER_DOMAIN': 2, 'CONCURRENT_REQUESTS_PER_IP': 2, 'DOWNLOAD_DELAY': 1, 'FEED_FORMAT': 'jl', 'FEED_URI': 'album_output/data.jl', 'LOG_FILE': 'album_output/output.log', 'LOG_LEVEL': 'INFO', 'NEWSPIDER_MODULE': 'crawler.spiders', 'ROBOTSTXT_OBEY': True, 'SPIDER_MODULES': ['crawler.spiders'], 'USER_AGENT': 'Lyrics Crawler'}
2019-07-10 12:22:21 [scrapy.extensions.telnet] INFO: Telnet Password: fef209436f363d0d
2019-07-10 12:22:21 [scrapy.middleware] INFO: Enabled extensions:
['scrapy.extensions.corestats.CoreStats',
 'scrapy.extensions.telnet.TelnetConsole',
 'scrapy.extensions.memusage.MemoryUsage',
 'scrapy.extensions.feedexport.FeedExporter',
 'scrapy.extensions.logstats.LogStats',
 'scrapy.extensions.throttle.AutoThrottle']
2019-07-10 12:22:21 [scrapy.middleware] INFO: Enabled downloader middlewares:
['scrapy.downloadermiddlewares.robotstxt.RobotsTxtMiddleware',
 'scrapy.downloadermiddlewares.httpauth.HttpAuthMiddleware',
 'scrapy.downloadermiddlewares.downloadtimeout.DownloadTimeoutMiddleware',
 'scrapy.downloadermiddlewares.defaultheaders.DefaultHeadersMiddleware',
 'scrapy.downloadermiddlewares.useragent.UserAgentMiddleware',
 'scrapy.downloadermiddlewares.retry.RetryMiddleware',
 'scrapy.downloadermiddlewares.redirect.MetaRefreshMiddleware',
 'scrapy.downloadermiddlewares.httpcompression.HttpCompressionMiddleware',
 'scrapy.downloadermiddlewares.redirect.RedirectMiddleware',
 'scrapy.downloadermiddlewares.cookies.CookiesMiddleware',
 'scrapy.downloadermiddlewares.httpproxy.HttpProxyMiddleware',
 'scrapy.downloadermiddlewares.stats.DownloaderStats']
2019-07-10 12:22:21 [scrapy.middleware] INFO: Enabled spider middlewares:
['scrapy.spidermiddlewares.httperror.HttpErrorMiddleware',
 'scrapy.spidermiddlewares.offsite.OffsiteMiddleware',
 'scrapy.spidermiddlewares.referer.RefererMiddleware',
 'scrapy.spidermiddlewares.urllength.UrlLengthMiddleware',
 'scrapy.spidermiddlewares.depth.DepthMiddleware']
2019-07-10 12:22:21 [scrapy.middleware] INFO: Enabled item pipelines:
[]
2019-07-10 12:22:21 [scrapy.core.engine] INFO: Spider opened
2019-07-10 12:22:21 [scrapy.extensions.logstats] INFO: Crawled 0 pages (at 0 pages/min), scraped 0 items (at 0 items/min)
2019-07-10 12:22:21 [scrapy.extensions.telnet] INFO: Telnet console listening on 127.0.0.1:6023
2019-07-10 12:23:21 [scrapy.extensions.logstats] INFO: Crawled 46 pages (at 46 pages/min), scraped 24 items (at 24 items/min)
2019-07-10 12:24:21 [scrapy.extensions.logstats] INFO: Crawled 93 pages (at 47 pages/min), scraped 50 items (at 26 items/min)
2019-07-10 12:25:21 [scrapy.extensions.logstats] INFO: Crawled 142 pages (at 49 pages/min), scraped 75 items (at 25 items/min)
2019-07-10 12:26:21 [scrapy.extensions.logstats] INFO: Crawled 194 pages (at 52 pages/min), scraped 105 items (at 30 items/min)
2019-07-10 12:27:21 [scrapy.extensions.logstats] INFO: Crawled 242 pages (at 48 pages/min), scraped 130 items (at 25 items/min)
2019-07-10 12:28:21 [scrapy.extensions.logstats] INFO: Crawled 295 pages (at 53 pages/min), scraped 168 items (at 38 items/min)
2019-07-10 12:29:21 [scrapy.extensions.logstats] INFO: Crawled 345 pages (at 50 pages/min), scraped 197 items (at 29 items/min)
2019-07-10 12:30:21 [scrapy.extensions.logstats] INFO: Crawled 395 pages (at 50 pages/min), scraped 237 items (at 40 items/min)
2019-07-10 12:31:21 [scrapy.extensions.logstats] INFO: Crawled 445 pages (at 50 pages/min), scraped 262 items (at 25 items/min)
2019-07-10 12:32:21 [scrapy.extensions.logstats] INFO: Crawled 485 pages (at 40 pages/min), scraped 285 items (at 23 items/min)
2019-07-10 12:33:21 [scrapy.extensions.logstats] INFO: Crawled 490 pages (at 5 pages/min), scraped 288 items (at 3 items/min)
2019-07-10 12:34:21 [scrapy.extensions.logstats] INFO: Crawled 512 pages (at 22 pages/min), scraped 303 items (at 15 items/min)
2019-07-10 12:35:21 [scrapy.extensions.logstats] INFO: Crawled 553 pages (at 41 pages/min), scraped 331 items (at 28 items/min)
2019-07-10 12:36:21 [scrapy.extensions.logstats] INFO: Crawled 596 pages (at 43 pages/min), scraped 358 items (at 27 items/min)
2019-07-10 12:37:21 [scrapy.extensions.logstats] INFO: Crawled 644 pages (at 48 pages/min), scraped 385 items (at 27 items/min)
2019-07-10 12:38:21 [scrapy.extensions.logstats] INFO: Crawled 689 pages (at 45 pages/min), scraped 418 items (at 33 items/min)
2019-07-10 12:39:21 [scrapy.extensions.logstats] INFO: Crawled 734 pages (at 45 pages/min), scraped 445 items (at 27 items/min)
2019-07-10 12:40:21 [scrapy.extensions.logstats] INFO: Crawled 778 pages (at 44 pages/min), scraped 470 items (at 25 items/min)
2019-07-10 12:41:21 [scrapy.extensions.logstats] INFO: Crawled 806 pages (at 28 pages/min), scraped 492 items (at 22 items/min)
2019-07-10 12:42:21 [scrapy.extensions.logstats] INFO: Crawled 853 pages (at 47 pages/min), scraped 529 items (at 37 items/min)
2019-07-10 12:43:21 [scrapy.extensions.logstats] INFO: Crawled 898 pages (at 45 pages/min), scraped 562 items (at 33 items/min)
2019-07-10 12:44:21 [scrapy.extensions.logstats] INFO: Crawled 946 pages (at 48 pages/min), scraped 592 items (at 30 items/min)
2019-07-10 12:45:21 [scrapy.extensions.logstats] INFO: Crawled 995 pages (at 49 pages/min), scraped 626 items (at 34 items/min)
2019-07-10 12:46:21 [scrapy.extensions.logstats] INFO: Crawled 1043 pages (at 48 pages/min), scraped 653 items (at 27 items/min)
2019-07-10 12:47:21 [scrapy.extensions.logstats] INFO: Crawled 1092 pages (at 49 pages/min), scraped 677 items (at 24 items/min)
2019-07-10 12:48:21 [scrapy.extensions.logstats] INFO: Crawled 1141 pages (at 49 pages/min), scraped 711 items (at 34 items/min)
2019-07-10 12:49:21 [scrapy.extensions.logstats] INFO: Crawled 1189 pages (at 48 pages/min), scraped 740 items (at 29 items/min)
2019-07-10 12:50:21 [scrapy.extensions.logstats] INFO: Crawled 1236 pages (at 47 pages/min), scraped 770 items (at 30 items/min)
2019-07-10 12:51:21 [scrapy.extensions.logstats] INFO: Crawled 1287 pages (at 51 pages/min), scraped 818 items (at 48 items/min)
2019-07-10 12:52:21 [scrapy.extensions.logstats] INFO: Crawled 1335 pages (at 48 pages/min), scraped 843 items (at 25 items/min)
2019-07-10 12:53:21 [scrapy.extensions.logstats] INFO: Crawled 1383 pages (at 48 pages/min), scraped 878 items (at 35 items/min)
2019-07-10 12:54:21 [scrapy.extensions.logstats] INFO: Crawled 1432 pages (at 49 pages/min), scraped 915 items (at 37 items/min)
2019-07-10 12:55:21 [scrapy.extensions.logstats] INFO: Crawled 1480 pages (at 48 pages/min), scraped 951 items (at 36 items/min)
2019-07-10 12:56:21 [scrapy.extensions.logstats] INFO: Crawled 1528 pages (at 48 pages/min), scraped 993 items (at 42 items/min)
2019-07-10 12:57:21 [scrapy.extensions.logstats] INFO: Crawled 1576 pages (at 48 pages/min), scraped 1026 items (at 33 items/min)
2019-07-10 12:58:21 [scrapy.extensions.logstats] INFO: Crawled 1624 pages (at 48 pages/min), scraped 1065 items (at 39 items/min)
2019-07-10 12:59:21 [scrapy.extensions.logstats] INFO: Crawled 1670 pages (at 46 pages/min), scraped 1087 items (at 22 items/min)
2019-07-10 13:00:21 [scrapy.extensions.logstats] INFO: Crawled 1714 pages (at 44 pages/min), scraped 1122 items (at 35 items/min)
2019-07-10 13:01:21 [scrapy.extensions.logstats] INFO: Crawled 1763 pages (at 49 pages/min), scraped 1162 items (at 40 items/min)
2019-07-10 13:02:21 [scrapy.extensions.logstats] INFO: Crawled 1811 pages (at 48 pages/min), scraped 1201 items (at 39 items/min)
2019-07-10 13:03:21 [scrapy.extensions.logstats] INFO: Crawled 1860 pages (at 49 pages/min), scraped 1232 items (at 31 items/min)
2019-07-10 13:04:21 [scrapy.extensions.logstats] INFO: Crawled 1907 pages (at 47 pages/min), scraped 1267 items (at 35 items/min)
2019-07-10 13:05:21 [scrapy.extensions.logstats] INFO: Crawled 1956 pages (at 49 pages/min), scraped 1307 items (at 40 items/min)
2019-07-10 13:06:21 [scrapy.extensions.logstats] INFO: Crawled 2002 pages (at 46 pages/min), scraped 1347 items (at 40 items/min)
2019-07-10 13:07:21 [scrapy.extensions.logstats] INFO: Crawled 2052 pages (at 50 pages/min), scraped 1391 items (at 44 items/min)
2019-07-10 13:08:21 [scrapy.extensions.logstats] INFO: Crawled 2100 pages (at 48 pages/min), scraped 1433 items (at 42 items/min)
2019-07-10 13:09:21 [scrapy.extensions.logstats] INFO: Crawled 2146 pages (at 46 pages/min), scraped 1473 items (at 40 items/min)
2019-07-10 13:10:21 [scrapy.extensions.logstats] INFO: Crawled 2195 pages (at 49 pages/min), scraped 1507 items (at 34 items/min)
2019-07-10 13:11:21 [scrapy.extensions.logstats] INFO: Crawled 2244 pages (at 49 pages/min), scraped 1548 items (at 41 items/min)
2019-07-10 13:12:21 [scrapy.extensions.logstats] INFO: Crawled 2291 pages (at 47 pages/min), scraped 1586 items (at 38 items/min)
2019-07-10 13:13:21 [scrapy.extensions.logstats] INFO: Crawled 2339 pages (at 48 pages/min), scraped 1621 items (at 35 items/min)
2019-07-10 13:14:21 [scrapy.extensions.logstats] INFO: Crawled 2388 pages (at 49 pages/min), scraped 1653 items (at 32 items/min)
2019-07-10 13:15:21 [scrapy.extensions.logstats] INFO: Crawled 2436 pages (at 48 pages/min), scraped 1690 items (at 37 items/min)
2019-07-10 13:16:21 [scrapy.extensions.logstats] INFO: Crawled 2483 pages (at 47 pages/min), scraped 1723 items (at 33 items/min)
2019-07-10 13:17:21 [scrapy.extensions.logstats] INFO: Crawled 2532 pages (at 49 pages/min), scraped 1751 items (at 28 items/min)
2019-07-10 13:18:21 [scrapy.extensions.logstats] INFO: Crawled 2581 pages (at 49 pages/min), scraped 1786 items (at 35 items/min)
2019-07-10 13:19:21 [scrapy.extensions.logstats] INFO: Crawled 2626 pages (at 45 pages/min), scraped 1814 items (at 28 items/min)
2019-07-10 13:20:21 [scrapy.extensions.logstats] INFO: Crawled 2672 pages (at 46 pages/min), scraped 1843 items (at 29 items/min)
2019-07-10 13:21:21 [scrapy.extensions.logstats] INFO: Crawled 2723 pages (at 51 pages/min), scraped 1884 items (at 41 items/min)
2019-07-10 13:22:21 [scrapy.extensions.logstats] INFO: Crawled 2772 pages (at 49 pages/min), scraped 1924 items (at 40 items/min)
2019-07-10 13:23:21 [scrapy.extensions.logstats] INFO: Crawled 2823 pages (at 51 pages/min), scraped 1966 items (at 42 items/min)
2019-07-10 13:24:21 [scrapy.extensions.logstats] INFO: Crawled 2869 pages (at 46 pages/min), scraped 2003 items (at 37 items/min)
2019-07-10 13:25:21 [scrapy.extensions.logstats] INFO: Crawled 2916 pages (at 47 pages/min), scraped 2030 items (at 27 items/min)
2019-07-10 13:26:21 [scrapy.extensions.logstats] INFO: Crawled 2964 pages (at 48 pages/min), scraped 2062 items (at 32 items/min)
2019-07-10 13:27:21 [scrapy.extensions.logstats] INFO: Crawled 3010 pages (at 46 pages/min), scraped 2087 items (at 25 items/min)
2019-07-10 13:28:21 [scrapy.extensions.logstats] INFO: Crawled 3058 pages (at 48 pages/min), scraped 2122 items (at 35 items/min)
2019-07-10 13:29:21 [scrapy.extensions.logstats] INFO: Crawled 3106 pages (at 48 pages/min), scraped 2150 items (at 28 items/min)
2019-07-10 13:30:21 [scrapy.extensions.logstats] INFO: Crawled 3155 pages (at 49 pages/min), scraped 2193 items (at 43 items/min)
2019-07-10 13:31:21 [scrapy.extensions.logstats] INFO: Crawled 3206 pages (at 51 pages/min), scraped 2234 items (at 41 items/min)
2019-07-10 13:32:21 [scrapy.extensions.logstats] INFO: Crawled 3256 pages (at 50 pages/min), scraped 2269 items (at 35 items/min)
2019-07-10 13:33:21 [scrapy.extensions.logstats] INFO: Crawled 3304 pages (at 48 pages/min), scraped 2299 items (at 30 items/min)
2019-07-10 13:34:21 [scrapy.extensions.logstats] INFO: Crawled 3352 pages (at 48 pages/min), scraped 2333 items (at 34 items/min)
2019-07-10 13:35:21 [scrapy.extensions.logstats] INFO: Crawled 3401 pages (at 49 pages/min), scraped 2361 items (at 28 items/min)
2019-07-10 13:36:21 [scrapy.extensions.logstats] INFO: Crawled 3448 pages (at 47 pages/min), scraped 2397 items (at 36 items/min)
2019-07-10 13:37:21 [scrapy.extensions.logstats] INFO: Crawled 3495 pages (at 47 pages/min), scraped 2434 items (at 37 items/min)
2019-07-10 13:38:21 [scrapy.extensions.logstats] INFO: Crawled 3546 pages (at 51 pages/min), scraped 2468 items (at 34 items/min)
2019-07-10 13:39:21 [scrapy.extensions.logstats] INFO: Crawled 3591 pages (at 45 pages/min), scraped 2500 items (at 32 items/min)
2019-07-10 13:40:21 [scrapy.extensions.logstats] INFO: Crawled 3637 pages (at 46 pages/min), scraped 2533 items (at 33 items/min)
2019-07-10 13:41:21 [scrapy.extensions.logstats] INFO: Crawled 3681 pages (at 44 pages/min), scraped 2561 items (at 28 items/min)
2019-07-10 13:42:21 [scrapy.extensions.logstats] INFO: Crawled 3730 pages (at 49 pages/min), scraped 2584 items (at 23 items/min)
2019-07-10 13:43:21 [scrapy.extensions.logstats] INFO: Crawled 3780 pages (at 50 pages/min), scraped 2626 items (at 42 items/min)
2019-07-10 13:44:21 [scrapy.extensions.logstats] INFO: Crawled 3828 pages (at 48 pages/min), scraped 2664 items (at 38 items/min)
2019-07-10 13:45:21 [scrapy.extensions.logstats] INFO: Crawled 3872 pages (at 44 pages/min), scraped 2702 items (at 38 items/min)
2019-07-10 13:46:21 [scrapy.extensions.logstats] INFO: Crawled 3920 pages (at 48 pages/min), scraped 2735 items (at 33 items/min)
2019-07-10 13:47:21 [scrapy.extensions.logstats] INFO: Crawled 3966 pages (at 46 pages/min), scraped 2762 items (at 27 items/min)
2019-07-10 13:48:21 [scrapy.extensions.logstats] INFO: Crawled 4015 pages (at 49 pages/min), scraped 2791 items (at 29 items/min)
2019-07-10 13:49:21 [scrapy.extensions.logstats] INFO: Crawled 4064 pages (at 49 pages/min), scraped 2822 items (at 31 items/min)
2019-07-10 13:50:21 [scrapy.extensions.logstats] INFO: Crawled 4112 pages (at 48 pages/min), scraped 2852 items (at 30 items/min)
2019-07-10 13:51:21 [scrapy.extensions.logstats] INFO: Crawled 4159 pages (at 47 pages/min), scraped 2891 items (at 39 items/min)
2019-07-10 13:52:21 [scrapy.extensions.logstats] INFO: Crawled 4207 pages (at 48 pages/min), scraped 2919 items (at 28 items/min)
2019-07-10 13:53:21 [scrapy.extensions.logstats] INFO: Crawled 4253 pages (at 46 pages/min), scraped 2948 items (at 29 items/min)
2019-07-10 13:54:21 [scrapy.extensions.logstats] INFO: Crawled 4300 pages (at 47 pages/min), scraped 2974 items (at 26 items/min)
2019-07-10 13:55:21 [scrapy.extensions.logstats] INFO: Crawled 4347 pages (at 47 pages/min), scraped 3010 items (at 36 items/min)
2019-07-10 13:56:21 [scrapy.extensions.logstats] INFO: Crawled 4394 pages (at 47 pages/min), scraped 3038 items (at 28 items/min)
2019-07-10 13:57:21 [scrapy.extensions.logstats] INFO: Crawled 4441 pages (at 47 pages/min), scraped 3068 items (at 30 items/min)
2019-07-10 13:58:21 [scrapy.extensions.logstats] INFO: Crawled 4490 pages (at 49 pages/min), scraped 3106 items (at 38 items/min)
2019-07-10 13:59:21 [scrapy.extensions.logstats] INFO: Crawled 4538 pages (at 48 pages/min), scraped 3141 items (at 35 items/min)
2019-07-10 14:00:21 [scrapy.extensions.logstats] INFO: Crawled 4585 pages (at 47 pages/min), scraped 3171 items (at 30 items/min)
2019-07-10 14:01:21 [scrapy.extensions.logstats] INFO: Crawled 4634 pages (at 49 pages/min), scraped 3199 items (at 28 items/min)
2019-07-10 14:02:21 [scrapy.extensions.logstats] INFO: Crawled 4681 pages (at 47 pages/min), scraped 3222 items (at 23 items/min)
2019-07-10 14:03:21 [scrapy.extensions.logstats] INFO: Crawled 4730 pages (at 49 pages/min), scraped 3251 items (at 29 items/min)
2019-07-10 14:04:21 [scrapy.extensions.logstats] INFO: Crawled 4778 pages (at 48 pages/min), scraped 3280 items (at 29 items/min)
2019-07-10 14:05:21 [scrapy.extensions.logstats] INFO: Crawled 4828 pages (at 50 pages/min), scraped 3315 items (at 35 items/min)
2019-07-10 14:06:21 [scrapy.extensions.logstats] INFO: Crawled 4877 pages (at 49 pages/min), scraped 3349 items (at 34 items/min)
2019-07-10 14:07:21 [scrapy.extensions.logstats] INFO: Crawled 4923 pages (at 46 pages/min), scraped 3385 items (at 36 items/min)
2019-07-10 14:08:21 [scrapy.extensions.logstats] INFO: Crawled 4948 pages (at 25 pages/min), scraped 3405 items (at 20 items/min)
2019-07-10 14:09:21 [scrapy.extensions.logstats] INFO: Crawled 4995 pages (at 47 pages/min), scraped 3435 items (at 30 items/min)
2019-07-10 14:10:21 [scrapy.extensions.logstats] INFO: Crawled 5046 pages (at 51 pages/min), scraped 3476 items (at 41 items/min)
2019-07-10 14:11:21 [scrapy.extensions.logstats] INFO: Crawled 5092 pages (at 46 pages/min), scraped 3513 items (at 37 items/min)
2019-07-10 14:12:21 [scrapy.extensions.logstats] INFO: Crawled 5141 pages (at 49 pages/min), scraped 3548 items (at 35 items/min)
2019-07-10 14:13:21 [scrapy.extensions.logstats] INFO: Crawled 5189 pages (at 48 pages/min), scraped 3576 items (at 28 items/min)
2019-07-10 14:14:21 [scrapy.extensions.logstats] INFO: Crawled 5234 pages (at 45 pages/min), scraped 3608 items (at 32 items/min)
2019-07-10 14:15:21 [scrapy.extensions.logstats] INFO: Crawled 5281 pages (at 47 pages/min), scraped 3642 items (at 34 items/min)
2019-07-10 14:16:21 [scrapy.extensions.logstats] INFO: Crawled 5326 pages (at 45 pages/min), scraped 3675 items (at 33 items/min)
2019-07-10 14:17:21 [scrapy.extensions.logstats] INFO: Crawled 5371 pages (at 45 pages/min), scraped 3706 items (at 31 items/min)
2019-07-10 14:18:21 [scrapy.extensions.logstats] INFO: Crawled 5419 pages (at 48 pages/min), scraped 3733 items (at 27 items/min)
2019-07-10 14:19:21 [scrapy.extensions.logstats] INFO: Crawled 5468 pages (at 49 pages/min), scraped 3762 items (at 29 items/min)
2019-07-10 14:20:21 [scrapy.extensions.logstats] INFO: Crawled 5518 pages (at 50 pages/min), scraped 3790 items (at 28 items/min)
2019-07-10 14:21:21 [scrapy.extensions.logstats] INFO: Crawled 5564 pages (at 46 pages/min), scraped 3830 items (at 40 items/min)
2019-07-10 14:22:21 [scrapy.extensions.logstats] INFO: Crawled 5613 pages (at 49 pages/min), scraped 3867 items (at 37 items/min)
2019-07-10 14:23:21 [scrapy.extensions.logstats] INFO: Crawled 5661 pages (at 48 pages/min), scraped 3900 items (at 33 items/min)
2019-07-10 14:24:21 [scrapy.extensions.logstats] INFO: Crawled 5709 pages (at 48 pages/min), scraped 3936 items (at 36 items/min)
2019-07-10 14:25:21 [scrapy.extensions.logstats] INFO: Crawled 5756 pages (at 47 pages/min), scraped 3970 items (at 34 items/min)
2019-07-10 14:26:21 [scrapy.extensions.logstats] INFO: Crawled 5806 pages (at 50 pages/min), scraped 4009 items (at 39 items/min)
2019-07-10 14:27:21 [scrapy.extensions.logstats] INFO: Crawled 5854 pages (at 48 pages/min), scraped 4034 items (at 25 items/min)
2019-07-10 14:28:21 [scrapy.extensions.logstats] INFO: Crawled 5904 pages (at 50 pages/min), scraped 4073 items (at 39 items/min)
2019-07-10 14:29:21 [scrapy.extensions.logstats] INFO: Crawled 5954 pages (at 50 pages/min), scraped 4109 items (at 36 items/min)
2019-07-10 14:30:21 [scrapy.extensions.logstats] INFO: Crawled 6001 pages (at 47 pages/min), scraped 4139 items (at 30 items/min)
2019-07-10 14:31:21 [scrapy.extensions.logstats] INFO: Crawled 6052 pages (at 51 pages/min), scraped 4165 items (at 26 items/min)
2019-07-10 14:32:21 [scrapy.extensions.logstats] INFO: Crawled 6099 pages (at 47 pages/min), scraped 4195 items (at 30 items/min)
2019-07-10 14:33:21 [scrapy.extensions.logstats] INFO: Crawled 6149 pages (at 50 pages/min), scraped 4236 items (at 41 items/min)
2019-07-10 14:34:21 [scrapy.extensions.logstats] INFO: Crawled 6196 pages (at 47 pages/min), scraped 4270 items (at 34 items/min)
2019-07-10 14:35:21 [scrapy.extensions.logstats] INFO: Crawled 6247 pages (at 51 pages/min), scraped 4301 items (at 31 items/min)
2019-07-10 14:36:21 [scrapy.extensions.logstats] INFO: Crawled 6296 pages (at 49 pages/min), scraped 4339 items (at 38 items/min)
2019-07-10 14:37:21 [scrapy.extensions.logstats] INFO: Crawled 6346 pages (at 50 pages/min), scraped 4368 items (at 29 items/min)
2019-07-10 14:38:21 [scrapy.extensions.logstats] INFO: Crawled 6395 pages (at 49 pages/min), scraped 4406 items (at 38 items/min)
2019-07-10 14:39:21 [scrapy.extensions.logstats] INFO: Crawled 6438 pages (at 43 pages/min), scraped 4435 items (at 29 items/min)
2019-07-10 14:40:21 [scrapy.extensions.logstats] INFO: Crawled 6482 pages (at 44 pages/min), scraped 4474 items (at 39 items/min)
2019-07-10 14:41:21 [scrapy.extensions.logstats] INFO: Crawled 6529 pages (at 47 pages/min), scraped 4506 items (at 32 items/min)
2019-07-10 14:42:21 [scrapy.extensions.logstats] INFO: Crawled 6572 pages (at 43 pages/min), scraped 4537 items (at 31 items/min)
2019-07-10 14:43:21 [scrapy.extensions.logstats] INFO: Crawled 6620 pages (at 48 pages/min), scraped 4573 items (at 36 items/min)
2019-07-10 14:44:21 [scrapy.extensions.logstats] INFO: Crawled 6664 pages (at 44 pages/min), scraped 4611 items (at 38 items/min)
2019-07-10 14:45:21 [scrapy.extensions.logstats] INFO: Crawled 6714 pages (at 50 pages/min), scraped 4649 items (at 38 items/min)
2019-07-10 14:46:21 [scrapy.extensions.logstats] INFO: Crawled 6764 pages (at 50 pages/min), scraped 4684 items (at 35 items/min)
2019-07-10 14:47:21 [scrapy.extensions.logstats] INFO: Crawled 6813 pages (at 49 pages/min), scraped 4710 items (at 26 items/min)
2019-07-10 14:48:21 [scrapy.extensions.logstats] INFO: Crawled 6862 pages (at 49 pages/min), scraped 4738 items (at 28 items/min)
2019-07-10 14:49:21 [scrapy.extensions.logstats] INFO: Crawled 6910 pages (at 48 pages/min), scraped 4775 items (at 37 items/min)
2019-07-10 14:50:21 [scrapy.extensions.logstats] INFO: Crawled 6957 pages (at 47 pages/min), scraped 4816 items (at 41 items/min)
2019-07-10 14:51:21 [scrapy.extensions.logstats] INFO: Crawled 7006 pages (at 49 pages/min), scraped 4844 items (at 28 items/min)
2019-07-10 14:52:21 [scrapy.extensions.logstats] INFO: Crawled 7057 pages (at 51 pages/min), scraped 4886 items (at 42 items/min)
2019-07-10 14:53:21 [scrapy.extensions.logstats] INFO: Crawled 7105 pages (at 48 pages/min), scraped 4916 items (at 30 items/min)
2019-07-10 14:54:21 [scrapy.extensions.logstats] INFO: Crawled 7154 pages (at 49 pages/min), scraped 4949 items (at 33 items/min)
2019-07-10 14:55:21 [scrapy.extensions.logstats] INFO: Crawled 7202 pages (at 48 pages/min), scraped 4981 items (at 32 items/min)
2019-07-10 14:56:21 [scrapy.extensions.logstats] INFO: Crawled 7250 pages (at 48 pages/min), scraped 5015 items (at 34 items/min)
2019-07-10 14:57:21 [scrapy.extensions.logstats] INFO: Crawled 7298 pages (at 48 pages/min), scraped 5040 items (at 25 items/min)
2019-07-10 14:58:21 [scrapy.extensions.logstats] INFO: Crawled 7343 pages (at 45 pages/min), scraped 5066 items (at 26 items/min)
2019-07-10 14:59:21 [scrapy.extensions.logstats] INFO: Crawled 7392 pages (at 49 pages/min), scraped 5098 items (at 32 items/min)
2019-07-10 15:00:21 [scrapy.extensions.logstats] INFO: Crawled 7438 pages (at 46 pages/min), scraped 5132 items (at 34 items/min)
2019-07-10 15:01:21 [scrapy.extensions.logstats] INFO: Crawled 7490 pages (at 52 pages/min), scraped 5177 items (at 45 items/min)
2019-07-10 15:02:21 [scrapy.extensions.logstats] INFO: Crawled 7536 pages (at 46 pages/min), scraped 5203 items (at 26 items/min)
2019-07-10 15:03:21 [scrapy.extensions.logstats] INFO: Crawled 7585 pages (at 49 pages/min), scraped 5230 items (at 27 items/min)
2019-07-10 15:04:21 [scrapy.extensions.logstats] INFO: Crawled 7634 pages (at 49 pages/min), scraped 5267 items (at 37 items/min)
2019-07-10 15:05:21 [scrapy.extensions.logstats] INFO: Crawled 7682 pages (at 48 pages/min), scraped 5298 items (at 31 items/min)
2019-07-10 15:06:21 [scrapy.extensions.logstats] INFO: Crawled 7730 pages (at 48 pages/min), scraped 5328 items (at 30 items/min)
2019-07-10 15:07:21 [scrapy.extensions.logstats] INFO: Crawled 7780 pages (at 50 pages/min), scraped 5363 items (at 35 items/min)
2019-07-10 15:08:21 [scrapy.extensions.logstats] INFO: Crawled 7828 pages (at 48 pages/min), scraped 5387 items (at 24 items/min)
2019-07-10 15:09:21 [scrapy.extensions.logstats] INFO: Crawled 7877 pages (at 49 pages/min), scraped 5424 items (at 37 items/min)
2019-07-10 15:10:21 [scrapy.extensions.logstats] INFO: Crawled 7925 pages (at 48 pages/min), scraped 5453 items (at 29 items/min)
2019-07-10 15:11:21 [scrapy.extensions.logstats] INFO: Crawled 7973 pages (at 48 pages/min), scraped 5484 items (at 31 items/min)
2019-07-10 15:12:21 [scrapy.extensions.logstats] INFO: Crawled 8022 pages (at 49 pages/min), scraped 5516 items (at 32 items/min)
2019-07-10 15:13:21 [scrapy.extensions.logstats] INFO: Crawled 8072 pages (at 50 pages/min), scraped 5547 items (at 31 items/min)
2019-07-10 15:14:21 [scrapy.extensions.logstats] INFO: Crawled 8120 pages (at 48 pages/min), scraped 5578 items (at 31 items/min)
2019-07-10 15:15:21 [scrapy.extensions.logstats] INFO: Crawled 8168 pages (at 48 pages/min), scraped 5607 items (at 29 items/min)
2019-07-10 15:16:21 [scrapy.extensions.logstats] INFO: Crawled 8214 pages (at 46 pages/min), scraped 5641 items (at 34 items/min)
2019-07-10 15:17:21 [scrapy.extensions.logstats] INFO: Crawled 8264 pages (at 50 pages/min), scraped 5683 items (at 42 items/min)
2019-07-10 15:18:21 [scrapy.extensions.logstats] INFO: Crawled 8312 pages (at 48 pages/min), scraped 5718 items (at 35 items/min)
2019-07-10 15:19:21 [scrapy.extensions.logstats] INFO: Crawled 8360 pages (at 48 pages/min), scraped 5754 items (at 36 items/min)
2019-07-10 15:20:21 [scrapy.extensions.logstats] INFO: Crawled 8407 pages (at 47 pages/min), scraped 5785 items (at 31 items/min)
2019-07-10 15:21:21 [scrapy.extensions.logstats] INFO: Crawled 8458 pages (at 51 pages/min), scraped 5821 items (at 36 items/min)
2019-07-10 15:22:21 [scrapy.extensions.logstats] INFO: Crawled 8507 pages (at 49 pages/min), scraped 5849 items (at 28 items/min)
2019-07-10 15:23:21 [scrapy.extensions.logstats] INFO: Crawled 8555 pages (at 48 pages/min), scraped 5882 items (at 33 items/min)
2019-07-10 15:24:21 [scrapy.extensions.logstats] INFO: Crawled 8602 pages (at 47 pages/min), scraped 5913 items (at 31 items/min)
2019-07-10 15:25:21 [scrapy.extensions.logstats] INFO: Crawled 8650 pages (at 48 pages/min), scraped 5948 items (at 35 items/min)
2019-07-10 15:26:21 [scrapy.extensions.logstats] INFO: Crawled 8697 pages (at 47 pages/min), scraped 5988 items (at 40 items/min)
2019-07-10 15:27:21 [scrapy.extensions.logstats] INFO: Crawled 8746 pages (at 49 pages/min), scraped 6017 items (at 29 items/min)
2019-07-10 15:28:21 [scrapy.extensions.logstats] INFO: Crawled 8794 pages (at 48 pages/min), scraped 6048 items (at 31 items/min)
2019-07-10 15:29:21 [scrapy.extensions.logstats] INFO: Crawled 8843 pages (at 49 pages/min), scraped 6085 items (at 37 items/min)
2019-07-10 15:30:21 [scrapy.extensions.logstats] INFO: Crawled 8892 pages (at 49 pages/min), scraped 6119 items (at 34 items/min)
2019-07-10 15:31:21 [scrapy.extensions.logstats] INFO: Crawled 8939 pages (at 47 pages/min), scraped 6149 items (at 30 items/min)
2019-07-10 15:32:21 [scrapy.extensions.logstats] INFO: Crawled 8986 pages (at 47 pages/min), scraped 6182 items (at 33 items/min)
2019-07-10 15:33:21 [scrapy.extensions.logstats] INFO: Crawled 9035 pages (at 49 pages/min), scraped 6215 items (at 33 items/min)
2019-07-10 15:34:21 [scrapy.extensions.logstats] INFO: Crawled 9083 pages (at 48 pages/min), scraped 6248 items (at 33 items/min)
2019-07-10 15:35:21 [scrapy.extensions.logstats] INFO: Crawled 9130 pages (at 47 pages/min), scraped 6280 items (at 32 items/min)
2019-07-10 15:36:21 [scrapy.extensions.logstats] INFO: Crawled 9178 pages (at 48 pages/min), scraped 6313 items (at 33 items/min)
2019-07-10 15:37:21 [scrapy.extensions.logstats] INFO: Crawled 9221 pages (at 43 pages/min), scraped 6344 items (at 31 items/min)
2019-07-10 15:38:21 [scrapy.extensions.logstats] INFO: Crawled 9269 pages (at 48 pages/min), scraped 6383 items (at 39 items/min)
2019-07-10 15:39:21 [scrapy.extensions.logstats] INFO: Crawled 9317 pages (at 48 pages/min), scraped 6416 items (at 33 items/min)
2019-07-10 15:40:21 [scrapy.extensions.logstats] INFO: Crawled 9364 pages (at 47 pages/min), scraped 6451 items (at 35 items/min)
2019-07-10 15:41:21 [scrapy.extensions.logstats] INFO: Crawled 9410 pages (at 46 pages/min), scraped 6488 items (at 37 items/min)
2019-07-10 15:42:21 [scrapy.extensions.logstats] INFO: Crawled 9459 pages (at 49 pages/min), scraped 6518 items (at 30 items/min)
2019-07-10 15:43:21 [scrapy.extensions.logstats] INFO: Crawled 9508 pages (at 49 pages/min), scraped 6556 items (at 38 items/min)
2019-07-10 15:44:21 [scrapy.extensions.logstats] INFO: Crawled 9555 pages (at 47 pages/min), scraped 6589 items (at 33 items/min)
2019-07-10 15:45:21 [scrapy.extensions.logstats] INFO: Crawled 9601 pages (at 46 pages/min), scraped 6624 items (at 35 items/min)
2019-07-10 15:46:21 [scrapy.extensions.logstats] INFO: Crawled 9650 pages (at 49 pages/min), scraped 6667 items (at 43 items/min)
2019-07-10 15:47:21 [scrapy.extensions.logstats] INFO: Crawled 9696 pages (at 46 pages/min), scraped 6704 items (at 37 items/min)
2019-07-10 15:48:21 [scrapy.extensions.logstats] INFO: Crawled 9743 pages (at 47 pages/min), scraped 6733 items (at 29 items/min)
2019-07-10 15:49:21 [scrapy.extensions.logstats] INFO: Crawled 9791 pages (at 48 pages/min), scraped 6760 items (at 27 items/min)
2019-07-10 15:50:21 [scrapy.extensions.logstats] INFO: Crawled 9840 pages (at 49 pages/min), scraped 6794 items (at 34 items/min)
2019-07-10 15:51:21 [scrapy.extensions.logstats] INFO: Crawled 9886 pages (at 46 pages/min), scraped 6821 items (at 27 items/min)
2019-07-10 15:52:21 [scrapy.extensions.logstats] INFO: Crawled 9933 pages (at 47 pages/min), scraped 6854 items (at 33 items/min)
2019-07-10 15:53:21 [scrapy.extensions.logstats] INFO: Crawled 9980 pages (at 47 pages/min), scraped 6882 items (at 28 items/min)
2019-07-10 15:54:21 [scrapy.extensions.logstats] INFO: Crawled 10028 pages (at 48 pages/min), scraped 6912 items (at 30 items/min)
2019-07-10 15:55:21 [scrapy.extensions.logstats] INFO: Crawled 10075 pages (at 47 pages/min), scraped 6943 items (at 31 items/min)
2019-07-10 15:56:21 [scrapy.extensions.logstats] INFO: Crawled 10123 pages (at 48 pages/min), scraped 6979 items (at 36 items/min)
2019-07-10 15:57:21 [scrapy.extensions.logstats] INFO: Crawled 10171 pages (at 48 pages/min), scraped 7009 items (at 30 items/min)
2019-07-10 15:58:21 [scrapy.extensions.logstats] INFO: Crawled 10217 pages (at 46 pages/min), scraped 7039 items (at 30 items/min)
2019-07-10 15:59:21 [scrapy.extensions.logstats] INFO: Crawled 10266 pages (at 49 pages/min), scraped 7068 items (at 29 items/min)
2019-07-10 16:00:21 [scrapy.extensions.logstats] INFO: Crawled 10310 pages (at 44 pages/min), scraped 7099 items (at 31 items/min)
2019-07-10 16:01:21 [scrapy.extensions.logstats] INFO: Crawled 10358 pages (at 48 pages/min), scraped 7129 items (at 30 items/min)
2019-07-10 16:02:21 [scrapy.extensions.logstats] INFO: Crawled 10403 pages (at 45 pages/min), scraped 7152 items (at 23 items/min)
2019-07-10 16:03:21 [scrapy.extensions.logstats] INFO: Crawled 10450 pages (at 47 pages/min), scraped 7193 items (at 41 items/min)
2019-07-10 16:04:21 [scrapy.extensions.logstats] INFO: Crawled 10500 pages (at 50 pages/min), scraped 7228 items (at 35 items/min)
2019-07-10 16:05:21 [scrapy.extensions.logstats] INFO: Crawled 10549 pages (at 49 pages/min), scraped 7265 items (at 37 items/min)
2019-07-10 16:06:21 [scrapy.extensions.logstats] INFO: Crawled 10597 pages (at 48 pages/min), scraped 7294 items (at 29 items/min)
2019-07-10 16:07:21 [scrapy.extensions.logstats] INFO: Crawled 10644 pages (at 47 pages/min), scraped 7325 items (at 31 items/min)
2019-07-10 16:08:21 [scrapy.extensions.logstats] INFO: Crawled 10689 pages (at 45 pages/min), scraped 7348 items (at 23 items/min)
2019-07-10 16:09:21 [scrapy.extensions.logstats] INFO: Crawled 10735 pages (at 46 pages/min), scraped 7374 items (at 26 items/min)
2019-07-10 16:10:21 [scrapy.extensions.logstats] INFO: Crawled 10782 pages (at 47 pages/min), scraped 7407 items (at 33 items/min)
2019-07-10 16:11:21 [scrapy.extensions.logstats] INFO: Crawled 10830 pages (at 48 pages/min), scraped 7445 items (at 38 items/min)
2019-07-10 16:12:21 [scrapy.extensions.logstats] INFO: Crawled 10877 pages (at 47 pages/min), scraped 7485 items (at 40 items/min)
2019-07-10 16:13:21 [scrapy.extensions.logstats] INFO: Crawled 10925 pages (at 48 pages/min), scraped 7524 items (at 39 items/min)
2019-07-10 16:14:21 [scrapy.extensions.logstats] INFO: Crawled 10972 pages (at 47 pages/min), scraped 7553 items (at 29 items/min)
2019-07-10 16:15:21 [scrapy.extensions.logstats] INFO: Crawled 11021 pages (at 49 pages/min), scraped 7587 items (at 34 items/min)
2019-07-10 16:16:21 [scrapy.extensions.logstats] INFO: Crawled 11070 pages (at 49 pages/min), scraped 7618 items (at 31 items/min)
2019-07-10 16:17:21 [scrapy.extensions.logstats] INFO: Crawled 11119 pages (at 49 pages/min), scraped 7654 items (at 36 items/min)
2019-07-10 16:18:21 [scrapy.extensions.logstats] INFO: Crawled 11167 pages (at 48 pages/min), scraped 7678 items (at 24 items/min)
2019-07-10 16:19:21 [scrapy.extensions.logstats] INFO: Crawled 11216 pages (at 49 pages/min), scraped 7712 items (at 34 items/min)
2019-07-10 16:20:21 [scrapy.extensions.logstats] INFO: Crawled 11264 pages (at 48 pages/min), scraped 7748 items (at 36 items/min)
2019-07-10 16:21:21 [scrapy.extensions.logstats] INFO: Crawled 11311 pages (at 47 pages/min), scraped 7780 items (at 32 items/min)
2019-07-10 16:22:21 [scrapy.extensions.logstats] INFO: Crawled 11359 pages (at 48 pages/min), scraped 7813 items (at 33 items/min)
2019-07-10 16:23:21 [scrapy.extensions.logstats] INFO: Crawled 11408 pages (at 49 pages/min), scraped 7844 items (at 31 items/min)
2019-07-10 16:24:21 [scrapy.extensions.logstats] INFO: Crawled 11455 pages (at 47 pages/min), scraped 7882 items (at 38 items/min)
2019-07-10 16:25:21 [scrapy.extensions.logstats] INFO: Crawled 11501 pages (at 46 pages/min), scraped 7917 items (at 35 items/min)
2019-07-10 16:26:21 [scrapy.extensions.logstats] INFO: Crawled 11552 pages (at 51 pages/min), scraped 7957 items (at 40 items/min)
2019-07-10 16:27:21 [scrapy.extensions.logstats] INFO: Crawled 11599 pages (at 47 pages/min), scraped 7989 items (at 32 items/min)
2019-07-10 16:28:21 [scrapy.extensions.logstats] INFO: Crawled 11646 pages (at 47 pages/min), scraped 8025 items (at 36 items/min)
2019-07-10 16:29:21 [scrapy.extensions.logstats] INFO: Crawled 11692 pages (at 46 pages/min), scraped 8061 items (at 36 items/min)
2019-07-10 16:30:21 [scrapy.extensions.logstats] INFO: Crawled 11741 pages (at 49 pages/min), scraped 8098 items (at 37 items/min)
2019-07-10 16:31:21 [scrapy.extensions.logstats] INFO: Crawled 11792 pages (at 51 pages/min), scraped 8132 items (at 34 items/min)
2019-07-10 16:32:21 [scrapy.extensions.logstats] INFO: Crawled 11841 pages (at 49 pages/min), scraped 8162 items (at 30 items/min)
2019-07-10 16:33:21 [scrapy.extensions.logstats] INFO: Crawled 11890 pages (at 49 pages/min), scraped 8190 items (at 28 items/min)
2019-07-10 16:34:21 [scrapy.extensions.logstats] INFO: Crawled 11938 pages (at 48 pages/min), scraped 8230 items (at 40 items/min)
2019-07-10 16:35:21 [scrapy.extensions.logstats] INFO: Crawled 11987 pages (at 49 pages/min), scraped 8264 items (at 34 items/min)
2019-07-10 16:36:21 [scrapy.extensions.logstats] INFO: Crawled 12035 pages (at 48 pages/min), scraped 8291 items (at 27 items/min)
2019-07-10 16:37:21 [scrapy.extensions.logstats] INFO: Crawled 12083 pages (at 48 pages/min), scraped 8326 items (at 35 items/min)
2019-07-10 16:38:21 [scrapy.extensions.logstats] INFO: Crawled 12129 pages (at 46 pages/min), scraped 8361 items (at 35 items/min)
2019-07-10 16:39:21 [scrapy.extensions.logstats] INFO: Crawled 12177 pages (at 48 pages/min), scraped 8391 items (at 30 items/min)
2019-07-10 16:40:21 [scrapy.extensions.logstats] INFO: Crawled 12224 pages (at 47 pages/min), scraped 8419 items (at 28 items/min)
2019-07-10 16:41:21 [scrapy.extensions.logstats] INFO: Crawled 12273 pages (at 49 pages/min), scraped 8450 items (at 31 items/min)
2019-07-10 16:42:21 [scrapy.extensions.logstats] INFO: Crawled 12320 pages (at 47 pages/min), scraped 8482 items (at 32 items/min)
2019-07-10 16:43:21 [scrapy.extensions.logstats] INFO: Crawled 12369 pages (at 49 pages/min), scraped 8520 items (at 38 items/min)
2019-07-10 16:44:21 [scrapy.extensions.logstats] INFO: Crawled 12415 pages (at 46 pages/min), scraped 8554 items (at 34 items/min)
2019-07-10 16:45:21 [scrapy.extensions.logstats] INFO: Crawled 12465 pages (at 50 pages/min), scraped 8585 items (at 31 items/min)
2019-07-10 16:46:21 [scrapy.extensions.logstats] INFO: Crawled 12511 pages (at 46 pages/min), scraped 8616 items (at 31 items/min)
2019-07-10 16:47:21 [scrapy.extensions.logstats] INFO: Crawled 12559 pages (at 48 pages/min), scraped 8655 items (at 39 items/min)
2019-07-10 16:48:21 [scrapy.extensions.logstats] INFO: Crawled 12609 pages (at 50 pages/min), scraped 8692 items (at 37 items/min)
2019-07-10 16:49:21 [scrapy.extensions.logstats] INFO: Crawled 12657 pages (at 48 pages/min), scraped 8724 items (at 32 items/min)
2019-07-10 16:50:21 [scrapy.extensions.logstats] INFO: Crawled 12704 pages (at 47 pages/min), scraped 8761 items (at 37 items/min)
2019-07-10 16:51:21 [scrapy.extensions.logstats] INFO: Crawled 12753 pages (at 49 pages/min), scraped 8797 items (at 36 items/min)
2019-07-10 16:52:21 [scrapy.extensions.logstats] INFO: Crawled 12803 pages (at 50 pages/min), scraped 8824 items (at 27 items/min)
2019-07-10 16:53:21 [scrapy.extensions.logstats] INFO: Crawled 12850 pages (at 47 pages/min), scraped 8862 items (at 38 items/min)
2019-07-10 16:54:21 [scrapy.extensions.logstats] INFO: Crawled 12897 pages (at 47 pages/min), scraped 8891 items (at 29 items/min)
2019-07-10 16:55:21 [scrapy.extensions.logstats] INFO: Crawled 12945 pages (at 48 pages/min), scraped 8922 items (at 31 items/min)
2019-07-10 16:56:21 [scrapy.extensions.logstats] INFO: Crawled 12993 pages (at 48 pages/min), scraped 8958 items (at 36 items/min)
2019-07-10 16:57:21 [scrapy.extensions.logstats] INFO: Crawled 13038 pages (at 45 pages/min), scraped 8994 items (at 36 items/min)
2019-07-10 16:58:21 [scrapy.extensions.logstats] INFO: Crawled 13084 pages (at 46 pages/min), scraped 9022 items (at 28 items/min)
2019-07-10 16:59:21 [scrapy.extensions.logstats] INFO: Crawled 13130 pages (at 46 pages/min), scraped 9054 items (at 32 items/min)
2019-07-10 17:00:21 [scrapy.extensions.logstats] INFO: Crawled 13176 pages (at 46 pages/min), scraped 9090 items (at 36 items/min)
2019-07-10 17:01:21 [scrapy.extensions.logstats] INFO: Crawled 13224 pages (at 48 pages/min), scraped 9123 items (at 33 items/min)
2019-07-10 17:02:21 [scrapy.extensions.logstats] INFO: Crawled 13274 pages (at 50 pages/min), scraped 9164 items (at 41 items/min)
2019-07-10 17:03:21 [scrapy.extensions.logstats] INFO: Crawled 13324 pages (at 50 pages/min), scraped 9200 items (at 36 items/min)
2019-07-10 17:04:21 [scrapy.extensions.logstats] INFO: Crawled 13374 pages (at 50 pages/min), scraped 9236 items (at 36 items/min)
2019-07-10 17:05:21 [scrapy.extensions.logstats] INFO: Crawled 13422 pages (at 48 pages/min), scraped 9271 items (at 35 items/min)
2019-07-10 17:06:21 [scrapy.extensions.logstats] INFO: Crawled 13472 pages (at 50 pages/min), scraped 9303 items (at 32 items/min)
2019-07-10 17:07:21 [scrapy.extensions.logstats] INFO: Crawled 13522 pages (at 50 pages/min), scraped 9334 items (at 31 items/min)
2019-07-10 17:08:21 [scrapy.extensions.logstats] INFO: Crawled 13569 pages (at 47 pages/min), scraped 9368 items (at 34 items/min)
2019-07-10 17:09:21 [scrapy.extensions.logstats] INFO: Crawled 13617 pages (at 48 pages/min), scraped 9405 items (at 37 items/min)
2019-07-10 17:10:21 [scrapy.extensions.logstats] INFO: Crawled 13665 pages (at 48 pages/min), scraped 9434 items (at 29 items/min)
2019-07-10 17:11:21 [scrapy.extensions.logstats] INFO: Crawled 13711 pages (at 46 pages/min), scraped 9457 items (at 23 items/min)
2019-07-10 17:12:21 [scrapy.extensions.logstats] INFO: Crawled 13758 pages (at 47 pages/min), scraped 9486 items (at 29 items/min)
2019-07-10 17:13:21 [scrapy.extensions.logstats] INFO: Crawled 13807 pages (at 49 pages/min), scraped 9515 items (at 29 items/min)
2019-07-10 17:14:21 [scrapy.extensions.logstats] INFO: Crawled 13854 pages (at 47 pages/min), scraped 9545 items (at 30 items/min)
2019-07-10 17:15:21 [scrapy.extensions.logstats] INFO: Crawled 13901 pages (at 47 pages/min), scraped 9580 items (at 35 items/min)
2019-07-10 17:16:21 [scrapy.extensions.logstats] INFO: Crawled 13950 pages (at 49 pages/min), scraped 9611 items (at 31 items/min)
2019-07-10 17:17:21 [scrapy.extensions.logstats] INFO: Crawled 13998 pages (at 48 pages/min), scraped 9644 items (at 33 items/min)
2019-07-10 17:17:45 [scrapy.core.engine] INFO: Closing spider (finished)
2019-07-10 17:17:45 [scrapy.extensions.feedexport] INFO: Stored jl feed (9656 items) in: album_output/data.jl
2019-07-10 17:17:45 [scrapy.statscollectors] INFO: Dumping Scrapy stats:
{'downloader/request_bytes': 6403379,
 'downloader/request_count': 14017,
 'downloader/request_method_count/GET': 14017,
 'downloader/response_bytes': 234876667,
 'downloader/response_count': 14017,
 'downloader/response_status_count/200': 14017,
 'finish_reason': 'finished',
 'finish_time': datetime.datetime(2019, 7, 10, 11, 47, 45, 428163),
 'item_scraped_count': 9656,
 'log_count/INFO': 305,
 'memusage/max': 85020672,
 'memusage/startup': 53338112,
 'request_depth_max': 2,
 'response_received_count': 14017,
 'robotstxt/request_count': 1,
 'robotstxt/response_count': 1,
 'robotstxt/response_status_count/200': 1,
 'scheduler/dequeued': 14016,
 'scheduler/dequeued/memory': 14016,
 'scheduler/enqueued': 14016,
 'scheduler/enqueued/memory': 14016,
 'start_time': datetime.datetime(2019, 7, 10, 6, 52, 21, 375847)}
2019-07-10 17:17:45 [scrapy.core.engine] INFO: Spider closed (finished)
